2016-12-27 14:42:04 ERROR JDBCAccountDAO:67 - Table "ACCOUNT" not found; SQL statement:
insert into account (id,account_number,account_name,account_currency,account_status,customer_name,iban_id,rule,rule_info)values(?,?,?,?,?,?,?,?,?) [42102-193] Query: insert into account (id,account_number,account_name,account_currency,account_status,customer_name,iban_id,rule,rule_info)values(?,?,?,?,?,?,?,?,?) Parameters: [4, 12342, Salary2, JOD, 0, Mohd Awad2, 7, rule1, rule1_info]
java.sql.SQLException: Table "ACCOUNT" not found; SQL statement:
insert into account (id,account_number,account_name,account_currency,account_status,customer_name,iban_id,rule,rule_info)values(?,?,?,?,?,?,?,?,?) [42102-193] Query: insert into account (id,account_number,account_name,account_currency,account_status,customer_name,iban_id,rule,rule_info)values(?,?,?,?,?,?,?,?,?) Parameters: [4, 12342, Salary2, JOD, 0, Mohd Awad2, 7, rule1, rule1_info]
	at org.apache.commons.dbutils.AbstractQueryRunner.rethrow(AbstractQueryRunner.java:363)
	at org.apache.commons.dbutils.QueryRunner.update(QueryRunner.java:490)
	at org.apache.commons.dbutils.QueryRunner.update(QueryRunner.java:456)
	at com.progressoft.jip.payment.account.dao.impl.JDBCAccountDAO.save(JDBCAccountDAO.java:61)
	at com.progressoft.jip.payment.account.service.AccountPersistenceServiceImpl.save(AccountPersistenceServiceImpl.java:29)
	at com.progressoft.jip.test.AccountDAOTest.saveAccountDTO(AccountDAOTest.java:149)
	at com.progressoft.jip.test.AccountDAOTest.GivenWhenInserTreeAccounts_WhenRetriveAllAccounts_ThenSizeShouldBe_3(AccountDAOTest.java:92)
	at sun.reflect.NativeMethodAccessorImpl.invoke0(Native Method)
	at sun.reflect.NativeMethodAccessorImpl.invoke(NativeMethodAccessorImpl.java:62)
	at sun.reflect.DelegatingMethodAccessorImpl.invoke(DelegatingMethodAccessorImpl.java:43)
	at java.lang.reflect.Method.invoke(Method.java:498)
	at org.junit.runners.model.FrameworkMethod$1.runReflectiveCall(FrameworkMethod.java:50)
	at org.junit.internal.runners.model.ReflectiveCallable.run(ReflectiveCallable.java:12)
	at org.junit.runners.model.FrameworkMethod.invokeExplosively(FrameworkMethod.java:47)
	at org.junit.internal.runners.statements.InvokeMethod.evaluate(InvokeMethod.java:17)
	at org.junit.internal.runners.statements.RunBefores.evaluate(RunBefores.java:26)
	at org.junit.runners.ParentRunner.runLeaf(ParentRunner.java:325)
	at org.junit.runners.BlockJUnit4ClassRunner.runChild(BlockJUnit4ClassRunner.java:78)
	at org.junit.runners.BlockJUnit4ClassRunner.runChild(BlockJUnit4ClassRunner.java:57)
	at org.junit.runners.ParentRunner$3.run(ParentRunner.java:290)
	at org.junit.runners.ParentRunner$1.schedule(ParentRunner.java:71)
	at org.junit.runners.ParentRunner.runChildren(ParentRunner.java:288)
	at org.junit.runners.ParentRunner.access$000(ParentRunner.java:58)
	at org.junit.runners.ParentRunner$2.evaluate(ParentRunner.java:268)
	at org.junit.runners.ParentRunner.run(ParentRunner.java:363)
	at org.apache.maven.surefire.junit4.JUnit4Provider.execute(JUnit4Provider.java:252)
	at org.apache.maven.surefire.junit4.JUnit4Provider.executeTestSet(JUnit4Provider.java:141)
	at org.apache.maven.surefire.junit4.JUnit4Provider.invoke(JUnit4Provider.java:112)
	at sun.reflect.NativeMethodAccessorImpl.invoke0(Native Method)
	at sun.reflect.NativeMethodAccessorImpl.invoke(NativeMethodAccessorImpl.java:62)
	at sun.reflect.DelegatingMethodAccessorImpl.invoke(DelegatingMethodAccessorImpl.java:43)
	at java.lang.reflect.Method.invoke(Method.java:498)
	at org.apache.maven.surefire.util.ReflectionUtils.invokeMethodWithArray(ReflectionUtils.java:189)
	at org.apache.maven.surefire.booter.ProviderFactory$ProviderProxy.invoke(ProviderFactory.java:165)
	at org.apache.maven.surefire.booter.ProviderFactory.invokeProvider(ProviderFactory.java:85)
	at org.apache.maven.surefire.booter.ForkedBooter.runSuitesInProcess(ForkedBooter.java:115)
	at org.apache.maven.surefire.booter.ForkedBooter.main(ForkedBooter.java:75)
2016-12-27 14:42:04 ERROR JDBCAccountDAO:177 - There's No Accounts , Table Is Empty
2016-12-27 14:42:04 ERROR JDBCAccountDAO:152 - cannot fetch account by id Table Is Empty5
2016-12-27 14:42:04 ERROR JDBCAccountDAO:125 - No Account With Number
2016-12-27 14:43:00 ERROR JDBCAccountDAO:133 - Table "ACCOUNT" not found; SQL statement:
select  id , account_name,account_currency,account_status , customer_name,iban_id,rule,rule_info from account WHERE account_number='12340' [42102-193] Query: select  id , account_name,account_currency,account_status , customer_name,iban_id,rule,rule_info from account WHERE account_number='12340' Parameters: []
java.sql.SQLException: Table "ACCOUNT" not found; SQL statement:
select  id , account_name,account_currency,account_status , customer_name,iban_id,rule,rule_info from account WHERE account_number='12340' [42102-193] Query: select  id , account_name,account_currency,account_status , customer_name,iban_id,rule,rule_info from account WHERE account_number='12340' Parameters: []
	at org.apache.commons.dbutils.AbstractQueryRunner.rethrow(AbstractQueryRunner.java:363)
	at org.apache.commons.dbutils.QueryRunner.query(QueryRunner.java:350)
	at org.apache.commons.dbutils.QueryRunner.query(QueryRunner.java:306)
	at com.progressoft.jip.payment.account.dao.impl.JDBCAccountDAO.get(JDBCAccountDAO.java:123)
	at com.progressoft.jip.payment.account.service.AccountPersistenceServiceImpl.getIBAN(AccountPersistenceServiceImpl.java:56)
	at com.progressoft.jip.payment.account.service.AccountPersistenceServiceImpl.getAll(AccountPersistenceServiceImpl.java:50)
	at com.progressoft.jip.test.AccountDAOTest.GivenWhenInserTreeAccounts_WhenRetriveAllAccounts_ThenSizeShouldBe_3(AccountDAOTest.java:95)
	at sun.reflect.NativeMethodAccessorImpl.invoke0(Native Method)
	at sun.reflect.NativeMethodAccessorImpl.invoke(NativeMethodAccessorImpl.java:62)
	at sun.reflect.DelegatingMethodAccessorImpl.invoke(DelegatingMethodAccessorImpl.java:43)
	at java.lang.reflect.Method.invoke(Method.java:498)
	at org.junit.runners.model.FrameworkMethod$1.runReflectiveCall(FrameworkMethod.java:50)
	at org.junit.internal.runners.model.ReflectiveCallable.run(ReflectiveCallable.java:12)
	at org.junit.runners.model.FrameworkMethod.invokeExplosively(FrameworkMethod.java:47)
	at org.junit.internal.runners.statements.InvokeMethod.evaluate(InvokeMethod.java:17)
	at org.junit.internal.runners.statements.RunBefores.evaluate(RunBefores.java:26)
	at org.junit.runners.ParentRunner.runLeaf(ParentRunner.java:325)
	at org.junit.runners.BlockJUnit4ClassRunner.runChild(BlockJUnit4ClassRunner.java:78)
	at org.junit.runners.BlockJUnit4ClassRunner.runChild(BlockJUnit4ClassRunner.java:57)
	at org.junit.runners.ParentRunner$3.run(ParentRunner.java:290)
	at org.junit.runners.ParentRunner$1.schedule(ParentRunner.java:71)
	at org.junit.runners.ParentRunner.runChildren(ParentRunner.java:288)
	at org.junit.runners.ParentRunner.access$000(ParentRunner.java:58)
	at org.junit.runners.ParentRunner$2.evaluate(ParentRunner.java:268)
	at org.junit.runners.ParentRunner.run(ParentRunner.java:363)
	at org.apache.maven.surefire.junit4.JUnit4Provider.execute(JUnit4Provider.java:252)
	at org.apache.maven.surefire.junit4.JUnit4Provider.executeTestSet(JUnit4Provider.java:141)
	at org.apache.maven.surefire.junit4.JUnit4Provider.invoke(JUnit4Provider.java:112)
	at sun.reflect.NativeMethodAccessorImpl.invoke0(Native Method)
	at sun.reflect.NativeMethodAccessorImpl.invoke(NativeMethodAccessorImpl.java:62)
	at sun.reflect.DelegatingMethodAccessorImpl.invoke(DelegatingMethodAccessorImpl.java:43)
	at java.lang.reflect.Method.invoke(Method.java:498)
	at org.apache.maven.surefire.util.ReflectionUtils.invokeMethodWithArray(ReflectionUtils.java:189)
	at org.apache.maven.surefire.booter.ProviderFactory$ProviderProxy.invoke(ProviderFactory.java:165)
	at org.apache.maven.surefire.booter.ProviderFactory.invokeProvider(ProviderFactory.java:85)
	at org.apache.maven.surefire.booter.ForkedBooter.runSuitesInProcess(ForkedBooter.java:115)
	at org.apache.maven.surefire.booter.ForkedBooter.main(ForkedBooter.java:75)
2016-12-27 14:43:00 ERROR JDBCAccountDAO:177 - There's No Accounts , Table Is Empty
2016-12-27 14:43:00 ERROR JDBCAccountDAO:152 - cannot fetch account by id Table Is Empty5
2016-12-27 14:43:00 ERROR JDBCAccountDAO:125 - No Account With Number
2016-12-27 14:44:03 ERROR JDBCAccountDAO:177 - There's No Accounts , Table Is Empty
2016-12-27 14:44:03 ERROR JDBCAccountDAO:152 - cannot fetch account by id Table Is Empty5
2016-12-27 14:44:03 ERROR JDBCAccountDAO:125 - No Account With Number
